[debug] [2022-03-28T03:45:02.400Z] ----------------------------------------------------------------------
[debug] [2022-03-28T03:45:02.406Z] Command:       /Users/queen/.nvm/versions/node/v14.15.4/bin/node /usr/local/bin/firebase init
[debug] [2022-03-28T03:45:02.407Z] CLI Version:   9.16.5
[debug] [2022-03-28T03:45:02.407Z] Platform:      darwin
[debug] [2022-03-28T03:45:02.407Z] Node Version:  v14.15.4
[debug] [2022-03-28T03:45:02.429Z] Time:          Mon Mar 28 2022 04:45:02 GMT+0100 (West Africa Standard Time)
[debug] [2022-03-28T03:45:02.429Z] ----------------------------------------------------------------------
[debug] 
[debug] [2022-03-28T03:45:02.434Z] >>> [apiv2][query] GET https://firebase-public.firebaseio.com/cli.json [none]
[debug] [2022-03-28T03:45:02.547Z] > command requires scopes: ["email","openid","https://www.googleapis.com/auth/cloudplatformprojects.readonly","https://www.googleapis.com/auth/firebase","https://www.googleapis.com/auth/cloud-platform"]
[debug] [2022-03-28T03:45:02.548Z] > authorizing via signed-in user (ngulefacbenazea@gmail.com)
[info] 
     ######## #### ########  ######## ########     ###     ######  ########
     ##        ##  ##     ## ##       ##     ##  ##   ##  ##       ##
     ######    ##  ########  ######   ########  #########  ######  ######
     ##        ##  ##    ##  ##       ##     ## ##     ##       ## ##
     ##       #### ##     ## ######## ########  ##     ##  ######  ########

You're about to initialize a Firebase project in this directory:

  /Users/queen/Desktop/Netflix/Netflix-Clone

[debug] [2022-03-28T03:45:03.738Z] <<< [apiv2][status] GET https://firebase-public.firebaseio.com/cli.json 200
[debug] [2022-03-28T03:45:03.739Z] <<< [apiv2][body] GET https://firebase-public.firebaseio.com/cli.json {"cloudBuildErrorAfter":1594252800000,"cloudBuildWarnAfter":1590019200000,"defaultNode10After":1594252800000,"minVersion":"3.0.5","node8DeploysDisabledAfter":1613390400000,"node8RuntimeDisabledAfter":1615809600000,"node8WarnAfter":1600128000000}
